<?xml version="1.0" encoding="UTF-8"?>
<!-- Generated by org.testng.reporters.JUnitReportReporter -->
<testsuite hostname="LAPTOP-27PCK551" failures="0" tests="2" name="com.SeleniumDemo.testCases.TC_LoginDDT_002" time="24.894" errors="0" timestamp="2020-05-20T16:27:46 CDT" skipped="0">
  <testcase classname="com.SeleniumDemo.testCases.TC_LoginDDT_002" name="loginDDT" time="12.924"/>
  <system-out/>
  <testcase classname="com.SeleniumDemo.testCases.TC_LoginDDT_002" name="loginDDT" time="11.970"/>
  <system-out/>
</testsuite> <!-- com.SeleniumDemo.testCases.TC_LoginDDT_002 -->
