<?xml version="1.0" encoding="UTF-8"?>
<!-- Generated by org.testng.reporters.JUnitReportReporter -->
<testsuite hostname="LAPTOP-27PCK551" failures="0" tests="3" name="com.SeleniumDemo.testCases.TC_LoginDDT_003" time="59.219" errors="0" timestamp="2020-05-20T16:27:46 CDT" skipped="0">
  <testcase classname="com.SeleniumDemo.testCases.TC_LoginDDT_003" name="loginDDT" time="20.080"/>
  <system-out/>
  <testcase classname="com.SeleniumDemo.testCases.TC_LoginDDT_003" name="loginDDT" time="19.579"/>
  <system-out/>
  <testcase classname="com.SeleniumDemo.testCases.TC_LoginDDT_003" name="loginDDT" time="19.560"/>
  <system-out/>
</testsuite> <!-- com.SeleniumDemo.testCases.TC_LoginDDT_003 -->
