<?xml version="1.0" encoding="UTF-8"?>
<!-- Generated by org.testng.reporters.JUnitReportReporter -->
<testsuite hostname="LAPTOP-27PCK551" failures="0" tests="1" name="com.SeleniumDemo.testCases.TC_LoginTest_001" time="0.647" errors="0" timestamp="2020-05-23T12:28:01 CDT" skipped="0">
  <testcase classname="com.SeleniumDemo.testCases.TC_LoginTest_001" name="loginTest" time="0.647"/>
  <system-out/>
</testsuite> <!-- com.SeleniumDemo.testCases.TC_LoginTest_001 -->
