<?xml version="1.0" encoding="UTF-8"?>
<!-- Generated by org.testng.reporters.JUnitReportReporter -->
<testsuite hostname="LAPTOP-27PCK551" failures="0" tests="1" name="com.SeleniumDemo.pageObjects.LoggerTest" time="0.013" errors="0" timestamp="2020-05-13T20:46:34 CDT" skipped="0">
  <testcase classname="com.SeleniumDemo.pageObjects.LoggerTest" name="performSomeTask" time="0.013"/>
  <system-out/>
</testsuite> <!-- com.SeleniumDemo.pageObjects.LoggerTest -->
