<?xml version="1.0" encoding="UTF-8"?>
<!-- Generated by org.testng.reporters.JUnitReportReporter -->
<testsuite hostname="LAPTOP-27PCK551" failures="0" tests="1" name="com.SeleniumDemo.testCases.TC_API_GET_Request_001" time="2.512" errors="0" timestamp="2020-05-23T12:32:19 CDT" skipped="0">
  <testcase classname="com.SeleniumDemo.testCases.TC_API_GET_Request_001" name="getWeatherCondition" time="2.512"/>
  <system-out/>
</testsuite> <!-- com.SeleniumDemo.testCases.TC_API_GET_Request_001 -->
