<?xml version="1.0" encoding="UTF-8"?>
<!-- Generated by org.testng.reporters.JUnitReportReporter -->
<testsuite hostname="LAPTOP-27PCK551" failures="0" tests="1" name="com.SeleniumDemo.testCases.TC_LoginTest_004" time="13.172" errors="0" timestamp="2020-05-20T16:27:46 CDT" skipped="0">
  <testcase classname="com.SeleniumDemo.testCases.TC_LoginTest_004" name="registerGuestDDT" time="13.172"/>
  <system-out/>
</testsuite> <!-- com.SeleniumDemo.testCases.TC_LoginTest_004 -->
