<?xml version="1.0" encoding="UTF-8"?>
<!-- Generated by org.testng.reporters.JUnitReportReporter -->
<testsuite hostname="LAPTOP-27PCK551" failures="0" tests="1" name="com.SeleniumDemo.testCases.TC_LoginTest_001" time="2.579" errors="0" timestamp="2020-05-22T09:54:51 CDT" skipped="0">
  <testcase classname="com.SeleniumDemo.testCases.TC_LoginTest_001" name="loginTest" time="2.579"/>
  <system-out/>
</testsuite> <!-- com.SeleniumDemo.testCases.TC_LoginTest_001 -->
